Running: C:\Xilinx\14.7\ISE_DS\ISE\bin\nt64\unwrapped\fuse.exe -intstyle ise -incremental -lib secureip -o S:/uni/4/Az memar/lab1/FA_tb_isim_beh.exe -prj S:/uni/4/Az memar/lab1/FA_tb_beh.prj work.FA_tb 
ISim P.20131013 (signature 0x7708f090)
Number of CPUs detected in this system: 16
Turning on mult-threading, number of parallel sub-compilation jobs: 32 
Determining compilation order of HDL files
Parsing VHDL file "S:/uni/4/Az memar/lab1/HA.vhd" into library work
Parsing VHDL file "S:/uni/4/Az memar/lab1/FA.vhd" into library work
Parsing VHDL file "S:/uni/4/Az memar/lab1/FA_tb.vhd" into library work
Starting static elaboration
Completed static elaboration
Compiling package standard
Compiling package std_logic_1164
Compiling architecture behavioral of entity HA [ha_default]
Compiling architecture behavioral of entity FA [fa_default]
Compiling architecture behavior of entity fa_tb
Time Resolution for simulation is 1ps.
Waiting for 1 sub-compilation(s) to finish...
Compiled 7 VHDL Units
Built simulation executable S:/uni/4/Az memar/lab1/FA_tb_isim_beh.exe
Fuse Memory Usage: 29776 KB
Fuse CPU Usage: 577 ms
