Release 14.7 - xst P.20131013 (nt64)
Copyright (c) 1995-2013 Xilinx, Inc.  All rights reserved.
--> Parameter TMPDIR set to xst/projnav.tmp


Total REAL time to Xst completion: 0.00 secs
Total CPU time to Xst completion: 0.11 secs
 
--> Parameter xsthdpdir set to xst


Total REAL time to Xst completion: 0.00 secs
Total CPU time to Xst completion: 0.11 secs
 
--> Reading design: ram_sp_ar_sw.prj

TABLE OF CONTENTS
  1) Synthesis Options Summary
  2) HDL Parsing
  3) HDL Elaboration
  4) HDL Synthesis
       4.1) HDL Synthesis Report
  5) Advanced HDL Synthesis
       5.1) Advanced HDL Synthesis Report
  6) Low Level Synthesis
  7) Partition Report
  8) Design Summary
       8.1) Primitive and Black Box Usage
       8.2) Device utilization summary
       8.3) Partition Resource Summary
       8.4) Timing Report
            8.4.1) Clock Information
            8.4.2) Asynchronous Control Signals Information
            8.4.3) Timing Summary
            8.4.4) Timing Details
            8.4.5) Cross Clock Domains Report


=========================================================================
*                      Synthesis Options Summary                        *
=========================================================================
---- Source Parameters
Input File Name                    : "ram_sp_ar_sw.prj"
Ignore Synthesis Constraint File   : NO

---- Target Parameters
Output File Name                   : "ram_sp_ar_sw"
Output Format                      : NGC
Target Device                      : xc6slx45t-3-fgg484

---- Source Options
Top Module Name                    : ram_sp_ar_sw
Automatic FSM Extraction           : YES
FSM Encoding Algorithm             : Auto
Safe Implementation                : No
FSM Style                          : LUT
RAM Extraction                     : Yes
RAM Style                          : Auto
ROM Extraction                     : Yes
Shift Register Extraction          : YES
ROM Style                          : Auto
Resource Sharing                   : YES
Asynchronous To Synchronous        : NO
Shift Register Minimum Size        : 2
Use DSP Block                      : Auto
Automatic Register Balancing       : No

---- Target Options
LUT Combining                      : Auto
Reduce Control Sets                : Auto
Add IO Buffers                     : YES
Global Maximum Fanout              : 100000
Add Generic Clock Buffer(BUFG)     : 16
Register Duplication               : YES
Optimize Instantiated Primitives   : NO
Use Clock Enable                   : Auto
Use Synchronous Set                : Auto
Use Synchronous Reset              : Auto
Pack IO Registers into IOBs        : Auto
Equivalent register Removal        : YES

---- General Options
Optimization Goal                  : Speed
Optimization Effort                : 1
Power Reduction                    : NO
Keep Hierarchy                     : No
Netlist Hierarchy                  : As_Optimized
RTL Output                         : Yes
Global Optimization                : AllClockNets
Read Cores                         : YES
Write Timing Constraints           : NO
Cross Clock Analysis               : NO
Hierarchy Separator                : /
Bus Delimiter                      : <>
Case Specifier                     : Maintain
Slice Utilization Ratio            : 100
BRAM Utilization Ratio             : 100
DSP48 Utilization Ratio            : 100
Auto BRAM Packing                  : NO
Slice Utilization Ratio Delta      : 5

=========================================================================


=========================================================================
*                          HDL Parsing                                  *
=========================================================================
Parsing VHDL file "E:\Ev\university\semester 4\CA lib\az7\Mem\Mem.vhd" into library work
Parsing entity <ram_sp_ar_sw>.
Parsing architecture <rtl> of entity <ram_sp_ar_sw>.

=========================================================================
*                            HDL Elaboration                            *
=========================================================================

Elaborating entity <ram_sp_ar_sw> (architecture <rtl>) with generics from library <work>.

=========================================================================
*                           HDL Synthesis                               *
=========================================================================

Synthesizing Unit <ram_sp_ar_sw>.
    Related source file is "E:\Ev\university\semester 4\CA lib\az7\Mem\Mem.vhd".
        W = 16
        D = 8
        C = 3
    Found 16-bit register for signal <mem<6>>.
    Found 16-bit register for signal <mem<5>>.
    Found 16-bit register for signal <mem<4>>.
    Found 16-bit register for signal <mem<3>>.
    Found 16-bit register for signal <mem<2>>.
    Found 16-bit register for signal <mem<1>>.
    Found 16-bit register for signal <mem<0>>.
    Found 16-bit register for signal <data_out>.
    Found 16-bit register for signal <mem<7>>.
    Found 16-bit 8-to-1 multiplexer for signal <address[2]_mem[7][15]_wide_mux_29_OUT> created at line 69.
    Found 1-bit tristate buffer for signal <data<15>> created at line 41
    Found 1-bit tristate buffer for signal <data<14>> created at line 41
    Found 1-bit tristate buffer for signal <data<13>> created at line 41
    Found 1-bit tristate buffer for signal <data<12>> created at line 41
    Found 1-bit tristate buffer for signal <data<11>> created at line 41
    Found 1-bit tristate buffer for signal <data<10>> created at line 41
    Found 1-bit tristate buffer for signal <data<9>> created at line 41
    Found 1-bit tristate buffer for signal <data<8>> created at line 41
    Found 1-bit tristate buffer for signal <data<7>> created at line 41
    Found 1-bit tristate buffer for signal <data<6>> created at line 41
    Found 1-bit tristate buffer for signal <data<5>> created at line 41
    Found 1-bit tristate buffer for signal <data<4>> created at line 41
    Found 1-bit tristate buffer for signal <data<3>> created at line 41
    Found 1-bit tristate buffer for signal <data<2>> created at line 41
    Found 1-bit tristate buffer for signal <data<1>> created at line 41
    Found 1-bit tristate buffer for signal <data<0>> created at line 41
    Summary:
	inferred 144 D-type flip-flop(s).
	inferred   7 Multiplexer(s).
	inferred  16 Tristate(s).
Unit <ram_sp_ar_sw> synthesized.

=========================================================================
HDL Synthesis Report

Macro Statistics
# Registers                                            : 9
 16-bit register                                       : 9
# Multiplexers                                         : 7
 16-bit 2-to-1 multiplexer                             : 6
 16-bit 8-to-1 multiplexer                             : 1
# Tristates                                            : 16
 1-bit tristate buffer                                 : 16

=========================================================================

=========================================================================
*                       Advanced HDL Synthesis                          *
=========================================================================


=========================================================================
Advanced HDL Synthesis Report

Macro Statistics
# Registers                                            : 144
 Flip-Flops                                            : 144
# Multiplexers                                         : 7
 16-bit 2-to-1 multiplexer                             : 6
 16-bit 8-to-1 multiplexer                             : 1

=========================================================================

=========================================================================
*                         Low Level Synthesis                           *
=========================================================================

Optimizing unit <ram_sp_ar_sw> ...

Mapping all equations...
Building and optimizing final netlist ...
Found area constraint ratio of 100 (+ 5) on block ram_sp_ar_sw, actual ratio is 0.

Final Macro Processing ...

=========================================================================
Final Register Report

Macro Statistics
# Registers                                            : 144
 Flip-Flops                                            : 144

=========================================================================

=========================================================================
*                           Partition Report                            *
=========================================================================

Partition Implementation Status
-------------------------------

  No Partitions were found in this design.

-------------------------------

=========================================================================
*                            Design Summary                             *
=========================================================================

Top Level Output File Name         : ram_sp_ar_sw.ngc

Primitive and Black Box Usage:
------------------------------
# BELS                             : 106
#      LUT2                        : 2
#      LUT5                        : 8
#      LUT6                        : 80
#      MUXF7                       : 16
# FlipFlops/Latches                : 144
#      FDE                         : 144
# Clock Buffers                    : 1
#      BUFGP                       : 1
# IO Buffers                       : 22
#      IBUF                        : 6
#      IOBUF                       : 16

Device utilization summary:
---------------------------

Selected Device : 6slx45tfgg484-3 


Slice Logic Utilization: 
 Number of Slice Registers:             144  out of  54576     0%  
 Number of Slice LUTs:                   90  out of  27288     0%  
    Number used as Logic:                90  out of  27288     0%  

Slice Logic Distribution: 
 Number of LUT Flip Flop pairs used:    189
   Number with an unused Flip Flop:      45  out of    189    23%  
   Number with an unused LUT:            99  out of    189    52%  
   Number of fully used LUT-FF pairs:    45  out of    189    23%  
   Number of unique control sets:         9

IO Utilization: 
 Number of IOs:                          23
 Number of bonded IOBs:                  23  out of    296     7%  

Specific Feature Utilization:
 Number of BUFG/BUFGCTRLs:                1  out of     16     6%  

---------------------------
Partition Resource Summary:
---------------------------

  No Partitions were found in this design.

---------------------------


=========================================================================
Timing Report

NOTE: THESE TIMING NUMBERS ARE ONLY A SYNTHESIS ESTIMATE.
      FOR ACCURATE TIMING INFORMATION PLEASE REFER TO THE TRACE REPORT
      GENERATED AFTER PLACE-and-ROUTE.

Clock Information:
------------------
-----------------------------------+------------------------+-------+
Clock Signal                       | Clock buffer(FF name)  | Load  |
-----------------------------------+------------------------+-------+
clk                                | BUFGP                  | 144   |
-----------------------------------+------------------------+-------+

Asynchronous Control Signals Information:
----------------------------------------
No asynchronous control signals found in this design

Timing Summary:
---------------
Speed Grade: -3

   Minimum period: 1.719ns (Maximum Frequency: 581.784MHz)
   Minimum input arrival time before clock: 4.893ns
   Maximum output required time after clock: 3.597ns
   Maximum combinational path delay: 6.603ns

Timing Details:
---------------
All values displayed in nanoseconds (ns)

=========================================================================
Timing constraint: Default period analysis for Clock 'clk'
  Clock period: 1.719ns (frequency: 581.784MHz)
  Total number of paths / destination ports: 128 / 16
-------------------------------------------------------------------------
Delay:               1.719ns (Levels of Logic = 2)
  Source:            mem_6_0 (FF)
  Destination:       data_out_0 (FF)
  Source Clock:      clk rising
  Destination Clock: clk rising

  Data Path: mem_6_0 to data_out_0
                                Gate     Net
    Cell:in->out      fanout   Delay   Delay  Logical Name (Net Name)
    ----------------------------------------  ------------
     FDE:C->Q              1   0.447   0.827  mem_6_0 (mem_6_0)
     LUT6:I2->O            1   0.203   0.000  Mmux_address[2]_mem[7][15]_wide_mux_29_OUT_3 (Mmux_address[2]_mem[7][15]_wide_mux_29_OUT_3)
     MUXF7:I1->O           1   0.140   0.000  Mmux_address[2]_mem[7][15]_wide_mux_29_OUT_2_f7 (address[2]_mem[7][15]_wide_mux_29_OUT<0>)
     FDE:D                     0.102          data_out_0
    ----------------------------------------
    Total                      1.719ns (0.892ns logic, 0.827ns route)
                                       (51.9% logic, 48.1% route)

=========================================================================
Timing constraint: Default OFFSET IN BEFORE for Clock 'clk'
  Total number of paths / destination ports: 1120 / 288
-------------------------------------------------------------------------
Offset:              4.893ns (Levels of Logic = 2)
  Source:            address<0> (PAD)
  Destination:       mem_3_0 (FF)
  Destination Clock: clk rising

  Data Path: address<0> to mem_3_0
                                Gate     Net
    Cell:in->out      fanout   Delay   Delay  Logical Name (Net Name)
    ----------------------------------------  ------------
     IBUF:I->O            88   1.222   2.143  address_0_IBUF (address_0_IBUF)
     LUT5:I0->O           16   0.203   1.004  _n0106_inv1 (_n0106_inv)
     FDE:CE                    0.322          mem_3_0
    ----------------------------------------
    Total                      4.893ns (1.747ns logic, 3.146ns route)
                                       (35.7% logic, 64.3% route)

=========================================================================
Timing constraint: Default OFFSET OUT AFTER for Clock 'clk'
  Total number of paths / destination ports: 16 / 16
-------------------------------------------------------------------------
Offset:              3.597ns (Levels of Logic = 1)
  Source:            data_out_15 (FF)
  Destination:       data<15> (PAD)
  Source Clock:      clk rising

  Data Path: data_out_15 to data<15>
                                Gate     Net
    Cell:in->out      fanout   Delay   Delay  Logical Name (Net Name)
    ----------------------------------------  ------------
     FDE:C->Q              1   0.447   0.579  data_out_15 (data_out_15)
     IOBUF:I->IO               2.571          data_15_IOBUF (data<15>)
    ----------------------------------------
    Total                      3.597ns (3.018ns logic, 0.579ns route)
                                       (83.9% logic, 16.1% route)

=========================================================================
Timing constraint: Default path analysis
  Total number of paths / destination ports: 32 / 16
-------------------------------------------------------------------------
Delay:               6.603ns (Levels of Logic = 3)
  Source:            reset (PAD)
  Destination:       data<15> (PAD)

  Data Path: reset to data<15>
                                Gate     Net
    Cell:in->out      fanout   Delay   Delay  Logical Name (Net Name)
    ----------------------------------------  ------------
     IBUF:I->O            58   1.222   1.601  reset_IBUF (reset_IBUF)
     LUT2:I1->O           16   0.205   1.004  reset_RD_AND_1_o_inv1 (reset_RD_AND_1_o_inv)
     IOBUF:T->IO               2.571          data_15_IOBUF (data<15>)
    ----------------------------------------
    Total                      6.603ns (3.998ns logic, 2.605ns route)
                                       (60.6% logic, 39.4% route)

=========================================================================

Cross Clock Domains Report:
--------------------------

Clock to Setup on destination clock clk
---------------+---------+---------+---------+---------+
               | Src:Rise| Src:Fall| Src:Rise| Src:Fall|
Source Clock   |Dest:Rise|Dest:Rise|Dest:Fall|Dest:Fall|
---------------+---------+---------+---------+---------+
clk            |    1.719|         |         |         |
---------------+---------+---------+---------+---------+

=========================================================================


Total REAL time to Xst completion: 8.00 secs
Total CPU time to Xst completion: 7.75 secs
 
--> 

Total memory usage is 4510280 kilobytes

Number of errors   :    0 (   0 filtered)
Number of warnings :    0 (   0 filtered)
Number of infos    :    0 (   0 filtered)

