Running: C:\Xilinx\14.7\ISE_DS\ISE\bin\nt64\unwrapped\fuse.exe -intstyle ise -incremental -lib secureip -o S:/uni/4/Az memar/session 2/hw2/tb_mux4_isim_beh.exe -prj S:/uni/4/Az memar/session 2/hw2/tb_mux4_beh.prj work.tb_mux4 
ISim P.20131013 (signature 0x7708f090)
Number of CPUs detected in this system: 16
Turning on mult-threading, number of parallel sub-compilation jobs: 32 
Determining compilation order of HDL files
Parsing VHDL file "S:/uni/4/Az memar/session 2/hw2/multiplexer.vhd" into library work
Parsing VHDL file "S:/uni/4/Az memar/session 2/hw2/mux4_to_1.vhd" into library work
Parsing VHDL file "S:/uni/4/Az memar/session 2/hw2/tb_mux4.vhd" into library work
Starting static elaboration
Completed static elaboration
Compiling package standard
Compiling package std_logic_1164
Compiling architecture behavioral of entity multiplexer [multiplexer_default]
Compiling architecture behavioral of entity mux4_to_1 [mux4_to_1_default]
Compiling architecture behavior of entity tb_mux4
Time Resolution for simulation is 1ps.
Waiting for 1 sub-compilation(s) to finish...
Compiled 7 VHDL Units
Built simulation executable S:/uni/4/Az memar/session 2/hw2/tb_mux4_isim_beh.exe
Fuse Memory Usage: 29892 KB
Fuse CPU Usage: 640 ms
