--------------------------------------------------------------------------------
Release 14.7 Trace  (nt64)
Copyright (c) 1995-2013 Xilinx, Inc.  All rights reserved.

E:\Ev\university\ISE\14.7\ISE_DS\ISE\bin\nt64\unwrapped\trce.exe -intstyle ise
-v 3 -s 3 -n 3 -fastpaths -xml divider.twx divider.ncd -o divider.twr
divider.pcf

Design file:              divider.ncd
Physical constraint file: divider.pcf
Device,package,speed:     xc6slx45t,fgg484,C,-3 (PRODUCTION 1.23 2013-10-13)
Report level:             verbose report

Environment Variable      Effect 
--------------------      ------ 
NONE                      No environment variables were set
--------------------------------------------------------------------------------

INFO:Timing:2698 - No timing constraints found, doing default enumeration.
INFO:Timing:3412 - To improve timing, see the Timing Closure User Guide (UG612).
INFO:Timing:2752 - To get complete path coverage, use the unconstrained paths 
   option. All paths that are not constrained will be reported in the 
   unconstrained paths section(s) of the report.
INFO:Timing:3339 - The clock-to-out numbers in this timing report are based on 
   a 50 Ohm transmission line loading model.  For the details of this model, 
   and for more information on accounting for different loading conditions, 
   please see the device datasheet.



Data Sheet report:
-----------------
All values displayed in nanoseconds (ns)

Setup/Hold to clock clk
------------+------------+------------+------------+------------+------------------+--------+
            |Max Setup to|  Process   |Max Hold to |  Process   |                  | Clock  |
Source      | clk (edge) |   Corner   | clk (edge) |   Corner   |Internal Clock(s) | Phase  |
------------+------------+------------+------------+------------+------------------+--------+
B<0>        |    2.032(R)|      SLOW  |   -0.395(R)|      SLOW  |clk_BUFGP         |   0.000|
B<1>        |    1.687(R)|      SLOW  |   -0.206(R)|      SLOW  |clk_BUFGP         |   0.000|
B<2>        |    2.097(R)|      SLOW  |   -0.170(R)|      SLOW  |clk_BUFGP         |   0.000|
B<3>        |    1.410(R)|      SLOW  |    0.191(R)|      SLOW  |clk_BUFGP         |   0.000|
------------+------------+------------+------------+------------+------------------+--------+

Clock clk to Pad
------------+-----------------+------------+-----------------+------------+------------------+--------+
            |Max (slowest) clk|  Process   |Min (fastest) clk|  Process   |                  | Clock  |
Destination |  (edge) to PAD  |   Corner   |  (edge) to PAD  |   Corner   |Internal Clock(s) | Phase  |
------------+-----------------+------------+-----------------+------------+------------------+--------+
Q<0>        |         7.910(R)|      SLOW  |         4.269(R)|      FAST  |clk_BUFGP         |   0.000|
Q<1>        |         6.987(R)|      SLOW  |         3.692(R)|      FAST  |clk_BUFGP         |   0.000|
Q<2>        |         7.178(R)|      SLOW  |         3.857(R)|      FAST  |clk_BUFGP         |   0.000|
Q<3>        |         7.177(R)|      SLOW  |         3.856(R)|      FAST  |clk_BUFGP         |   0.000|
------------+-----------------+------------+-----------------+------------+------------------+--------+

Clock to Setup on destination clock clk
---------------+---------+---------+---------+---------+
               | Src:Rise| Src:Fall| Src:Rise| Src:Fall|
Source Clock   |Dest:Rise|Dest:Rise|Dest:Fall|Dest:Fall|
---------------+---------+---------+---------+---------+
clk            |    2.281|         |         |         |
---------------+---------+---------+---------+---------+


Analysis completed Mon Sep 14 16:50:46 2020 
--------------------------------------------------------------------------------

Trace Settings:
-------------------------
Trace Settings 

Peak Memory Usage: 4626 MB



