Running: C:\Xilinx\14.7\ISE_DS\ISE\bin\nt64\unwrapped\fuse.exe -intstyle ise -incremental -lib secureip -o S:/uni/4/Az memar/session16/az16/tb_memory_isim_beh.exe -prj S:/uni/4/Az memar/session16/az16/tb_memory_beh.prj work.tb_memory 
ISim P.20131013 (signature 0x7708f090)
Number of CPUs detected in this system: 16
Turning on mult-threading, number of parallel sub-compilation jobs: 32 
Determining compilation order of HDL files
Parsing VHDL file "S:/uni/4/Az memar/session16/az16/memory.vhd" into library work
Parsing VHDL file "S:/uni/4/Az memar/session16/az16/tb_memory.vhd" into library work
Starting static elaboration
Completed static elaboration
Compiling package standard
Compiling package std_logic_1164
Compiling package std_logic_arith
Compiling package std_logic_unsigned
Compiling package numeric_std
Compiling architecture behavioral of entity memory [memory_default]
Compiling architecture behavior of entity tb_memory
Time Resolution for simulation is 1ps.
Compiled 8 VHDL Units
Built simulation executable S:/uni/4/Az memar/session16/az16/tb_memory_isim_beh.exe
Fuse Memory Usage: 40080 KB
Fuse CPU Usage: 1328 ms
